\BOOKMARK [1][-]{section.1}{Introduction}{}% 1
\BOOKMARK [1][-]{section.2}{Symmetric ciphers}{}% 2
\BOOKMARK [1][-]{section.3}{Message authentication}{}% 3
\BOOKMARK [2][-]{subsection.3.1}{Hash functions}{section.3}% 4
\BOOKMARK [3][-]{subsubsection.3.1.1}{Applications}{subsection.3.1}% 5
\BOOKMARK [3][-]{subsubsection.3.1.2}{Security requirements}{subsection.3.1}% 6
\BOOKMARK [3][-]{subsubsection.3.1.3}{Attacks}{subsection.3.1}% 7
\BOOKMARK [2][-]{subsection.3.2}{Secure Hash Algorithm \(SHA\)}{section.3}% 8
\BOOKMARK [3][-]{subsubsection.3.2.1}{SHA512}{subsection.3.2}% 9
\BOOKMARK [3][-]{subsubsection.3.2.2}{SHA512 block processing}{subsection.3.2}% 10
\BOOKMARK [3][-]{subsubsection.3.2.3}{Message schedule}{subsection.3.2}% 11
\BOOKMARK [2][-]{subsection.3.3}{Length extension attack and SHA3}{section.3}% 12
\BOOKMARK [3][-]{subsubsection.3.3.1}{Length extension attack}{subsection.3.3}% 13
\BOOKMARK [3][-]{subsubsection.3.3.2}{SHA3}{subsection.3.3}% 14
\BOOKMARK [2][-]{subsection.3.4}{Message authentication}{section.3}% 15
\BOOKMARK [3][-]{subsubsection.3.4.1}{Security requirements for MAC}{subsection.3.4}% 16
\BOOKMARK [2][-]{subsection.3.5}{Message authentication codes}{section.3}% 17
\BOOKMARK [3][-]{subsubsection.3.5.1}{Cipher-based MAC \(CMAC\)}{subsection.3.5}% 18
\BOOKMARK [3][-]{subsubsection.3.5.2}{Hash-based MAC \(HMAC\)}{subsection.3.5}% 19
\BOOKMARK [1][-]{section.4}{Asymmetric encryption}{}% 20
\BOOKMARK [2][-]{subsection.4.1}{Introduction}{section.4}% 21
\BOOKMARK [3][-]{subsubsection.4.1.1}{Confidentiality using AE}{subsection.4.1}% 22
\BOOKMARK [3][-]{subsubsection.4.1.2}{Authentication using AE}{subsection.4.1}% 23
\BOOKMARK [3][-]{subsubsection.4.1.3}{Combining confidentiality and authentication}{subsection.4.1}% 24
\BOOKMARK [3][-]{subsubsection.4.1.4}{Requirements for public-key cryptography}{subsection.4.1}% 25
\BOOKMARK [2][-]{subsection.4.2}{Rivest-Shamir-Adleman \(RSA\)}{section.4}% 26
\BOOKMARK [3][-]{subsubsection.4.2.1}{RSA basics}{subsection.4.2}% 27
\BOOKMARK [3][-]{subsubsection.4.2.2}{RSA ingredients}{subsection.4.2}% 28
\BOOKMARK [2][-]{subsection.4.3}{Efficient RSA operations}{section.4}% 29
\BOOKMARK [3][-]{subsubsection.4.3.1}{Efficient exponentiation in modular arithmetic}{subsection.4.3}% 30
\BOOKMARK [3][-]{subsubsection.4.3.2}{Efficient operation using public key}{subsection.4.3}% 31
\BOOKMARK [3][-]{subsubsection.4.3.3}{Efficient operation using private key}{subsection.4.3}% 32
\BOOKMARK [3][-]{subsubsection.4.3.4}{Efficient key generation}{subsection.4.3}% 33
\BOOKMARK [2][-]{subsection.4.4}{Attacks against RSA}{section.4}% 34
\BOOKMARK [3][-]{subsubsection.4.4.1}{Brute force attacks}{subsection.4.4}% 35
\BOOKMARK [3][-]{subsubsection.4.4.2}{Mathematical attacks}{subsection.4.4}% 36
\BOOKMARK [3][-]{subsubsection.4.4.3}{Timing attacks}{subsection.4.4}% 37
\BOOKMARK [3][-]{subsubsection.4.4.4}{Chosen ciphertext attacks}{subsection.4.4}% 38
\BOOKMARK [2][-]{subsection.4.5}{Digital signatures}{section.4}% 39
\BOOKMARK [3][-]{subsubsection.4.5.1}{Introduction}{subsection.4.5}% 40
\BOOKMARK [3][-]{subsubsection.4.5.2}{Required properties of a digital signature}{subsection.4.5}% 41
\BOOKMARK [3][-]{subsubsection.4.5.3}{RSA-PSS}{subsection.4.5}% 42
\BOOKMARK [3][-]{subsubsection.4.5.4}{RSA-PSS MGF \(Mask Generating Function\)}{subsection.4.5}% 43
\BOOKMARK [3][-]{subsubsection.4.5.5}{RSA-PSS signature verification}{subsection.4.5}% 44
\BOOKMARK [1][-]{section.5}{Key distribution}{}% 45
\BOOKMARK [2][-]{subsection.5.1}{Symmetric private key distribution}{section.5}% 46
\BOOKMARK [3][-]{subsubsection.5.1.1}{Decentralized key control without third party}{subsection.5.1}% 47
\BOOKMARK [2][-]{subsection.5.2}{Key Distribution Centers \(KDCs\)}{section.5}% 48
\BOOKMARK [3][-]{subsubsection.5.2.1}{Hierarchical structure}{subsection.5.2}% 49
\BOOKMARK [3][-]{subsubsection.5.2.2}{KDC scenario}{subsection.5.2}% 50
\BOOKMARK [3][-]{subsubsection.5.2.3}{Hierarchical key control}{subsection.5.2}% 51
\BOOKMARK [3][-]{subsubsection.5.2.4}{Transparent key control scheme}{subsection.5.2}% 52
\BOOKMARK [2][-]{subsection.5.3}{Asymmetric private key distribution}{section.5}% 53
\BOOKMARK [3][-]{subsubsection.5.3.1}{Symmetric key distribution using asymmetric encryption}{subsection.5.3}% 54
\BOOKMARK [3][-]{subsubsection.5.3.2}{Diffie-Hellman key exchange}{subsection.5.3}% 55
\BOOKMARK [2][-]{subsection.5.4}{Secure distribution of public keys}{section.5}% 56
\BOOKMARK [3][-]{subsubsection.5.4.1}{Public announcement}{subsection.5.4}% 57
\BOOKMARK [3][-]{subsubsection.5.4.2}{Public directory}{subsection.5.4}% 58
\BOOKMARK [3][-]{subsubsection.5.4.3}{Public key authority}{subsection.5.4}% 59
\BOOKMARK [3][-]{subsubsection.5.4.4}{Certificates}{subsection.5.4}% 60
\BOOKMARK [2][-]{subsection.5.5}{X.509 certificates}{section.5}% 61
\BOOKMARK [3][-]{subsubsection.5.5.1}{Certificate generation/working}{subsection.5.5}% 62
\BOOKMARK [3][-]{subsubsection.5.5.2}{X.509 format}{subsection.5.5}% 63
\BOOKMARK [3][-]{subsubsection.5.5.3}{CA organization}{subsection.5.5}% 64
\BOOKMARK [3][-]{subsubsection.5.5.4}{Certificate revocation}{subsection.5.5}% 65
\BOOKMARK [3][-]{subsubsection.5.5.5}{Certificate extensions field}{subsection.5.5}% 66
\BOOKMARK [3][-]{subsubsection.5.5.6}{Public Key Infrastructure \(PKI\)}{subsection.5.5}% 67
\BOOKMARK [1][-]{section.6}{Access Control}{}% 68
\BOOKMARK [2][-]{subsection.6.1}{Authentication and authorization}{section.6}% 69
\BOOKMARK [2][-]{subsection.6.2}{Network Access Control \(NAC\)}{section.6}% 70
\BOOKMARK [3][-]{subsubsection.6.2.1}{Network access control}{subsection.6.2}% 71
\BOOKMARK [3][-]{subsubsection.6.2.2}{Extensible authentication protocol \(EAP\)}{subsection.6.2}% 72
\BOOKMARK [3][-]{subsubsection.6.2.3}{802.1x port based NAC}{subsection.6.2}% 73
\BOOKMARK [3][-]{subsubsection.6.2.4}{802.1x EAP over LAN \(EAPOL\)}{subsection.6.2}% 74
\BOOKMARK [2][-]{subsection.6.3}{Firewalls}{section.6}% 75
\BOOKMARK [3][-]{subsubsection.6.3.1}{Firewall types}{subsection.6.3}% 76
\BOOKMARK [3][-]{subsubsection.6.3.2}{Firewall placement and demilitarized zone \(DMZ\)}{subsection.6.3}% 77
\BOOKMARK [2][-]{subsection.6.4}{Intrusion detection}{section.6}% 78
\BOOKMARK [3][-]{subsubsection.6.4.1}{Intrusion detection systems}{subsection.6.4}% 79
\BOOKMARK [3][-]{subsubsection.6.4.2}{Types of intrusion detection}{subsection.6.4}% 80
\BOOKMARK [3][-]{subsubsection.6.4.3}{Distributed intrusion detection}{subsection.6.4}% 81
\BOOKMARK [3][-]{subsubsection.6.4.4}{Honeypots}{subsection.6.4}% 82
\BOOKMARK [2][-]{subsection.6.5}{IP Security \(IPSec\) and VPN}{section.6}% 83
\BOOKMARK [3][-]{subsubsection.6.5.1}{Modes of operation}{subsection.6.5}% 84
\BOOKMARK [3][-]{subsubsection.6.5.2}{IPSec architecture}{subsection.6.5}% 85
\BOOKMARK [3][-]{subsubsection.6.5.3}{Encapsulating Security payload \(ESP\)}{subsection.6.5}% 86
\BOOKMARK [3][-]{subsubsection.6.5.4}{Internet key exchange}{subsection.6.5}% 87
\BOOKMARK [1][-]{section.7}{Secure Network Protocols}{}% 88
\BOOKMARK [2][-]{subsection.7.1}{Wifi security basics}{section.7}% 89
\BOOKMARK [2][-]{subsection.7.2}{Transport layer security \(SSL/TLS\)}{section.7}% 90
\BOOKMARK [3][-]{subsubsection.7.2.1}{Handshake protocol phases}{subsection.7.2}% 91
\BOOKMARK [3][-]{subsubsection.7.2.2}{Creation of symmetric keys}{subsection.7.2}% 92
\BOOKMARK [2][-]{subsection.7.3}{Attacks against SSL and TLS}{section.7}% 93
\BOOKMARK [3][-]{subsubsection.7.3.1}{Heartbleed attack}{subsection.7.3}% 94
\BOOKMARK [3][-]{subsubsection.7.3.2}{POODLE}{subsection.7.3}% 95
\BOOKMARK [2][-]{subsection.7.4}{Secure SHell}{section.7}% 96
\BOOKMARK [1][-]{section.8}{Application layer security}{}% 97
\BOOKMARK [2][-]{subsection.8.1}{Email security}{section.8}% 98
\BOOKMARK [3][-]{subsubsection.8.1.1}{SMIME}{subsection.8.1}% 99
\BOOKMARK [3][-]{subsubsection.8.1.2}{PGP}{subsection.8.1}% 100
\BOOKMARK [2][-]{subsection.8.2}{Web security}{section.8}% 101
\BOOKMARK [2][-]{subsection.8.3}{Malicious software}{section.8}% 102
\BOOKMARK [3][-]{subsubsection.8.3.1}{Trojan horse browser: Zeus-in-the-mobile \(ZitMo\)}{subsection.8.3}% 103
\BOOKMARK [3][-]{subsubsection.8.3.2}{Malware propagation}{subsection.8.3}% 104
\BOOKMARK [3][-]{subsubsection.8.3.3}{Malware payload}{subsection.8.3}% 105
\BOOKMARK [3][-]{subsubsection.8.3.4}{DDoS}{subsection.8.3}% 106
\BOOKMARK [1][-]{section.9}{Guest lecture: IoT}{}% 107
\BOOKMARK [2][-]{subsection.9.1}{Introduction}{section.9}% 108
